R: Address: 0x10000, Set: 0x0, Miss, Tag: 0x40, Clean
R: Address: 0x10008, Set: 0x0, Hit, Tag: 0x40, Clean
W: Address: 0x10010, Set: 0x0, Hit, Tag: 0x40, Clean
W: Address: 0x10050, Set: 0x2, Miss, Tag: 0x40, Clean
W: Address: 0x10090, Set: 0x4, Miss, Tag: 0x40, Clean
W: Address: 0x100d0, Set: 0x6, Miss, Tag: 0x40, Clean
W: Address: 0x10110, Set: 0x8, Miss, Tag: 0x40, Clean
W: Address: 0x10150, Set: 0xa, Miss, Tag: 0x40, Clean
W: Address: 0x10190, Set: 0xc, Miss, Tag: 0x40, Clean
W: Address: 0x101d0, Set: 0xe, Miss, Tag: 0x40, Clean
W: Address: 0x10018, Set: 0x0, Hit, Tag: 0x40, Dirty
W: Address: 0x10058, Set: 0x2, Hit, Tag: 0x40, Dirty
W: Address: 0x10098, Set: 0x4, Hit, Tag: 0x40, Dirty
W: Address: 0x100d8, Set: 0x6, Hit, Tag: 0x40, Dirty
W: Address: 0x10118, Set: 0x8, Hit, Tag: 0x40, Dirty
W: Address: 0x10158, Set: 0xa, Hit, Tag: 0x40, Dirty
W: Address: 0x10198, Set: 0xc, Hit, Tag: 0x40, Dirty
W: Address: 0x101d8, Set: 0xe, Hit, Tag: 0x40, Dirty
W: Address: 0x10020, Set: 0x1, Miss, Tag: 0x40, Clean
W: Address: 0x10060, Set: 0x3, Miss, Tag: 0x40, Clean
W: Address: 0x100a0, Set: 0x5, Miss, Tag: 0x40, Clean
W: Address: 0x100e0, Set: 0x7, Miss, Tag: 0x40, Clean
W: Address: 0x10120, Set: 0x9, Miss, Tag: 0x40, Clean
W: Address: 0x10160, Set: 0xb, Miss, Tag: 0x40, Clean
W: Address: 0x101a0, Set: 0xd, Miss, Tag: 0x40, Clean
W: Address: 0x101e0, Set: 0xf, Miss, Tag: 0x40, Clean
W: Address: 0x10028, Set: 0x1, Hit, Tag: 0x40, Dirty
W: Address: 0x10068, Set: 0x3, Hit, Tag: 0x40, Dirty
W: Address: 0x100a8, Set: 0x5, Hit, Tag: 0x40, Dirty
W: Address: 0x100e8, Set: 0x7, Hit, Tag: 0x40, Dirty
W: Address: 0x10128, Set: 0x9, Hit, Tag: 0x40, Dirty
W: Address: 0x10168, Set: 0xb, Hit, Tag: 0x40, Dirty
W: Address: 0x101a8, Set: 0xd, Hit, Tag: 0x40, Dirty
W: Address: 0x101e8, Set: 0xf, Hit, Tag: 0x40, Dirty
W: Address: 0x10030, Set: 0x1, Hit, Tag: 0x40, Dirty
W: Address: 0x10070, Set: 0x3, Hit, Tag: 0x40, Dirty
W: Address: 0x100b0, Set: 0x5, Hit, Tag: 0x40, Dirty
W: Address: 0x100f0, Set: 0x7, Hit, Tag: 0x40, Dirty
W: Address: 0x10130, Set: 0x9, Hit, Tag: 0x40, Dirty
W: Address: 0x10170, Set: 0xb, Hit, Tag: 0x40, Dirty
W: Address: 0x101b0, Set: 0xd, Hit, Tag: 0x40, Dirty
W: Address: 0x101f0, Set: 0xf, Hit, Tag: 0x40, Dirty
W: Address: 0x10038, Set: 0x1, Hit, Tag: 0x40, Dirty
W: Address: 0x10078, Set: 0x3, Hit, Tag: 0x40, Dirty
W: Address: 0x100b8, Set: 0x5, Hit, Tag: 0x40, Dirty
W: Address: 0x100f8, Set: 0x7, Hit, Tag: 0x40, Dirty
W: Address: 0x10138, Set: 0x9, Hit, Tag: 0x40, Dirty
W: Address: 0x10178, Set: 0xb, Hit, Tag: 0x40, Dirty
W: Address: 0x101b8, Set: 0xd, Hit, Tag: 0x40, Dirty
W: Address: 0x101f8, Set: 0xf, Hit, Tag: 0x40, Dirty
W: Address: 0x10040, Set: 0x2, Hit, Tag: 0x40, Dirty
W: Address: 0x10080, Set: 0x4, Hit, Tag: 0x40, Dirty
W: Address: 0x100c0, Set: 0x6, Hit, Tag: 0x40, Dirty
W: Address: 0x10100, Set: 0x8, Hit, Tag: 0x40, Dirty
W: Address: 0x10140, Set: 0xa, Hit, Tag: 0x40, Dirty
W: Address: 0x10180, Set: 0xc, Hit, Tag: 0x40, Dirty
W: Address: 0x101c0, Set: 0xe, Hit, Tag: 0x40, Dirty
W: Address: 0x10200, Set: 0x10, Miss, Tag: 0x40, Clean
W: Address: 0x10048, Set: 0x2, Hit, Tag: 0x40, Dirty
W: Address: 0x10088, Set: 0x4, Hit, Tag: 0x40, Dirty
W: Address: 0x100c8, Set: 0x6, Hit, Tag: 0x40, Dirty
W: Address: 0x10108, Set: 0x8, Hit, Tag: 0x40, Dirty
W: Address: 0x10148, Set: 0xa, Hit, Tag: 0x40, Dirty
W: Address: 0x10188, Set: 0xc, Hit, Tag: 0x40, Dirty
W: Address: 0x101c8, Set: 0xe, Hit, Tag: 0x40, Dirty
W: Address: 0x10208, Set: 0x10, Hit, Tag: 0x40, Dirty
